{"C:\\Users\\PCCV\\Desktop\\Job-Hunt\\frontend\\src\\components\\filters\\FilterSection.jsx": {"path":"C:\\Users\\PCCV\\Desktop\\Job-Hunt\\frontend\\src\\components\\filters\\FilterSection.jsx","all":false,"statementMap":{"0":{"start":{"line":1,"column":0},"end":{"line":1,"column":26}},"1":{"start":{"line":2,"column":0},"end":{"line":2,"column":29}},"3":{"start":{"line":4,"column":0},"end":{"line":4,"column":85}},"5":{"start":{"line":6,"column":0},"end":{"line":6,"column":39}},"6":{"start":{"line":7,"column":0},"end":{"line":7,"column":41}},"7":{"start":{"line":8,"column":0},"end":{"line":8,"column":67}},"8":{"start":{"line":9,"column":0},"end":{"line":9,"column":16}},"9":{"start":{"line":10,"column":0},"end":{"line":10,"column":76}},"10":{"start":{"line":11,"column":0},"end":{"line":11,"column":9}},"11":{"start":{"line":12,"column":0},"end":{"line":12,"column":6}},"13":{"start":{"line":14,"column":0},"end":{"line":14,"column":12}},"14":{"start":{"line":15,"column":0},"end":{"line":15,"column":40}},"15":{"start":{"line":16,"column":0},"end":{"line":16,"column":28}},"16":{"start":{"line":17,"column":0},"end":{"line":17,"column":38}},"17":{"start":{"line":18,"column":0},"end":{"line":18,"column":65}},"18":{"start":{"line":19,"column":0},"end":{"line":19,"column":26}},"19":{"start":{"line":20,"column":0},"end":{"line":20,"column":36}},"20":{"start":{"line":21,"column":0},"end":{"line":21,"column":35}},"21":{"start":{"line":22,"column":0},"end":{"line":22,"column":41}},"22":{"start":{"line":23,"column":0},"end":{"line":23,"column":61}},"23":{"start":{"line":24,"column":0},"end":{"line":24,"column":96}},"24":{"start":{"line":25,"column":0},"end":{"line":25,"column":62}},"25":{"start":{"line":26,"column":0},"end":{"line":26,"column":22}},"26":{"start":{"line":27,"column":0},"end":{"line":27,"column":34}},"27":{"start":{"line":28,"column":0},"end":{"line":28,"column":24}},"28":{"start":{"line":29,"column":0},"end":{"line":29,"column":15}},"29":{"start":{"line":30,"column":0},"end":{"line":30,"column":14}},"31":{"start":{"line":32,"column":0},"end":{"line":32,"column":1}},"33":{"start":{"line":34,"column":0},"end":{"line":34,"column":29}}},"s":{"0":1,"1":1,"3":80,"5":80,"6":30,"7":4,"8":30,"9":26,"10":26,"11":30,"13":80,"14":80,"15":80,"16":80,"17":320,"18":320,"19":320,"20":320,"21":320,"22":320,"23":320,"24":320,"25":320,"26":320,"27":320,"28":80,"29":80,"31":80,"33":1},"branchMap":{"0":{"type":"branch","line":4,"loc":{"start":{"line":4,"column":0},"end":{"line":32,"column":1}},"locations":[{"start":{"line":4,"column":0},"end":{"line":32,"column":1}}]},"1":{"type":"branch","line":6,"loc":{"start":{"line":6,"column":24},"end":{"line":12,"column":6}},"locations":[{"start":{"line":6,"column":24},"end":{"line":12,"column":6}}]},"2":{"type":"branch","line":7,"loc":{"start":{"line":7,"column":40},"end":{"line":9,"column":15}},"locations":[{"start":{"line":7,"column":40},"end":{"line":9,"column":15}}]},"3":{"type":"branch","line":9,"loc":{"start":{"line":9,"column":8},"end":{"line":11,"column":9}},"locations":[{"start":{"line":9,"column":8},"end":{"line":11,"column":9}}]},"4":{"type":"branch","line":17,"loc":{"start":{"line":17,"column":25},"end":{"line":28,"column":24}},"locations":[{"start":{"line":17,"column":25},"end":{"line":28,"column":24}}]},"5":{"type":"branch","line":24,"loc":{"start":{"line":24,"column":34},"end":{"line":24,"column":96}},"locations":[{"start":{"line":24,"column":34},"end":{"line":24,"column":96}}]},"6":{"type":"branch","line":25,"loc":{"start":{"line":25,"column":33},"end":{"line":25,"column":62}},"locations":[{"start":{"line":25,"column":33},"end":{"line":25,"column":62}}]}},"b":{"0":[80],"1":[30],"2":[4],"3":[26],"4":[320],"5":[13],"6":[17]},"fnMap":{"0":{"name":"FilterSection","decl":{"start":{"line":4,"column":0},"end":{"line":32,"column":1}},"loc":{"start":{"line":4,"column":0},"end":{"line":32,"column":1}},"line":4},"1":{"name":"handleClick","decl":{"start":{"line":6,"column":24},"end":{"line":12,"column":6}},"loc":{"start":{"line":6,"column":24},"end":{"line":12,"column":6}},"line":6},"2":{"name":"onChange","decl":{"start":{"line":24,"column":34},"end":{"line":24,"column":96}},"loc":{"start":{"line":24,"column":34},"end":{"line":24,"column":96}},"line":24},"3":{"name":"onClick","decl":{"start":{"line":25,"column":33},"end":{"line":25,"column":62}},"loc":{"start":{"line":25,"column":33},"end":{"line":25,"column":62}},"line":25}},"f":{"0":80,"1":30,"2":13,"3":17}}
,"C:\\Users\\PCCV\\Desktop\\Job-Hunt\\frontend\\src\\components\\filters\\Filters.jsx": {"path":"C:\\Users\\PCCV\\Desktop\\Job-Hunt\\frontend\\src\\components\\filters\\Filters.jsx","all":false,"statementMap":{"0":{"start":{"line":1,"column":0},"end":{"line":1,"column":40}},"1":{"start":{"line":2,"column":0},"end":{"line":2,"column":44}},"2":{"start":{"line":3,"column":0},"end":{"line":3,"column":107}},"3":{"start":{"line":4,"column":0},"end":{"line":4,"column":23}},"5":{"start":{"line":6,"column":0},"end":{"line":6,"column":47}},"8":{"start":{"line":9,"column":0},"end":{"line":9,"column":12}},"9":{"start":{"line":10,"column":0},"end":{"line":10,"column":33}},"10":{"start":{"line":11,"column":0},"end":{"line":11,"column":28}},"12":{"start":{"line":13,"column":0},"end":{"line":13,"column":26}},"13":{"start":{"line":14,"column":0},"end":{"line":14,"column":37}},"14":{"start":{"line":15,"column":0},"end":{"line":15,"column":41}},"15":{"start":{"line":16,"column":0},"end":{"line":16,"column":36}},"16":{"start":{"line":17,"column":0},"end":{"line":17,"column":52}},"17":{"start":{"line":18,"column":0},"end":{"line":18,"column":87}},"18":{"start":{"line":19,"column":0},"end":{"line":19,"column":14}},"21":{"start":{"line":22,"column":0},"end":{"line":22,"column":26}},"22":{"start":{"line":23,"column":0},"end":{"line":23,"column":42}},"23":{"start":{"line":24,"column":0},"end":{"line":24,"column":41}},"24":{"start":{"line":25,"column":0},"end":{"line":25,"column":33}},"25":{"start":{"line":26,"column":0},"end":{"line":26,"column":54}},"26":{"start":{"line":27,"column":0},"end":{"line":27,"column":89}},"27":{"start":{"line":28,"column":0},"end":{"line":28,"column":14}},"30":{"start":{"line":31,"column":0},"end":{"line":31,"column":26}},"31":{"start":{"line":32,"column":0},"end":{"line":32,"column":40}},"32":{"start":{"line":33,"column":0},"end":{"line":33,"column":35}},"33":{"start":{"line":34,"column":0},"end":{"line":34,"column":28}},"34":{"start":{"line":35,"column":0},"end":{"line":35,"column":48}},"35":{"start":{"line":36,"column":0},"end":{"line":36,"column":83}},"36":{"start":{"line":37,"column":0},"end":{"line":37,"column":14}},"39":{"start":{"line":40,"column":0},"end":{"line":40,"column":26}},"40":{"start":{"line":41,"column":0},"end":{"line":41,"column":38}},"41":{"start":{"line":42,"column":0},"end":{"line":42,"column":39}},"42":{"start":{"line":43,"column":0},"end":{"line":43,"column":33}},"43":{"start":{"line":44,"column":0},"end":{"line":44,"column":46}},"44":{"start":{"line":45,"column":0},"end":{"line":45,"column":81}},"45":{"start":{"line":46,"column":0},"end":{"line":46,"column":14}},"46":{"start":{"line":47,"column":0},"end":{"line":47,"column":14}},"48":{"start":{"line":49,"column":0},"end":{"line":49,"column":1}},"50":{"start":{"line":51,"column":0},"end":{"line":51,"column":23}}},"s":{"0":1,"1":1,"2":1,"3":1,"5":20,"8":20,"9":20,"10":20,"12":20,"13":20,"14":20,"15":20,"16":20,"17":20,"18":20,"21":20,"22":20,"23":20,"24":20,"25":20,"26":20,"27":20,"30":20,"31":20,"32":20,"33":20,"34":20,"35":20,"36":20,"39":20,"40":20,"41":20,"42":20,"43":20,"44":20,"45":20,"46":20,"48":20,"50":1},"branchMap":{"0":{"type":"branch","line":6,"loc":{"start":{"line":6,"column":0},"end":{"line":49,"column":1}},"locations":[{"start":{"line":6,"column":0},"end":{"line":49,"column":1}}]},"1":{"type":"branch","line":18,"loc":{"start":{"line":18,"column":37},"end":{"line":18,"column":87}},"locations":[{"start":{"line":18,"column":37},"end":{"line":18,"column":87}}]},"2":{"type":"branch","line":27,"loc":{"start":{"line":27,"column":37},"end":{"line":27,"column":89}},"locations":[{"start":{"line":27,"column":37},"end":{"line":27,"column":89}}]},"3":{"type":"branch","line":36,"loc":{"start":{"line":36,"column":37},"end":{"line":36,"column":83}},"locations":[{"start":{"line":36,"column":37},"end":{"line":36,"column":83}}]},"4":{"type":"branch","line":45,"loc":{"start":{"line":45,"column":37},"end":{"line":45,"column":81}},"locations":[{"start":{"line":45,"column":37},"end":{"line":45,"column":81}}]}},"b":{"0":[20],"1":[7],"2":[7],"3":[9],"4":[7]},"fnMap":{"0":{"name":"Filters","decl":{"start":{"line":6,"column":0},"end":{"line":49,"column":1}},"loc":{"start":{"line":6,"column":0},"end":{"line":49,"column":1}},"line":6},"1":{"name":"handleFilterChange","decl":{"start":{"line":18,"column":37},"end":{"line":18,"column":87}},"loc":{"start":{"line":18,"column":37},"end":{"line":18,"column":87}},"line":18},"2":{"name":"handleFilterChange","decl":{"start":{"line":27,"column":37},"end":{"line":27,"column":89}},"loc":{"start":{"line":27,"column":37},"end":{"line":27,"column":89}},"line":27},"3":{"name":"handleFilterChange","decl":{"start":{"line":36,"column":37},"end":{"line":36,"column":83}},"loc":{"start":{"line":36,"column":37},"end":{"line":36,"column":83}},"line":36},"4":{"name":"handleFilterChange","decl":{"start":{"line":45,"column":37},"end":{"line":45,"column":81}},"loc":{"start":{"line":45,"column":37},"end":{"line":45,"column":81}},"line":45}},"f":{"0":20,"1":7,"2":7,"3":9,"4":7}}
,"C:\\Users\\PCCV\\Desktop\\Job-Hunt\\frontend\\src\\components\\jobList\\JobList.jsx": {"path":"C:\\Users\\PCCV\\Desktop\\Job-Hunt\\frontend\\src\\components\\jobList\\JobList.jsx","all":false,"statementMap":{"0":{"start":{"line":1,"column":0},"end":{"line":1,"column":26}},"1":{"start":{"line":2,"column":0},"end":{"line":2,"column":23}},"2":{"start":{"line":3,"column":0},"end":{"line":3,"column":87}},"3":{"start":{"line":4,"column":0},"end":{"line":4,"column":107}},"5":{"start":{"line":6,"column":0},"end":{"line":6,"column":45}},"9":{"start":{"line":10,"column":0},"end":{"line":10,"column":12}},"10":{"start":{"line":11,"column":0},"end":{"line":11,"column":34}},"11":{"start":{"line":12,"column":0},"end":{"line":12,"column":30}},"12":{"start":{"line":13,"column":0},"end":{"line":13,"column":55}},"13":{"start":{"line":14,"column":0},"end":{"line":14,"column":53}},"14":{"start":{"line":15,"column":0},"end":{"line":15,"column":60}},"15":{"start":{"line":16,"column":0},"end":{"line":16,"column":50}},"16":{"start":{"line":17,"column":0},"end":{"line":17,"column":55}},"17":{"start":{"line":18,"column":0},"end":{"line":18,"column":55}},"18":{"start":{"line":19,"column":0},"end":{"line":19,"column":43}},"19":{"start":{"line":20,"column":0},"end":{"line":20,"column":34}},"20":{"start":{"line":21,"column":0},"end":{"line":21,"column":57}},"21":{"start":{"line":22,"column":0},"end":{"line":22,"column":117}},"22":{"start":{"line":23,"column":0},"end":{"line":23,"column":119}},"23":{"start":{"line":24,"column":0},"end":{"line":24,"column":104}},"24":{"start":{"line":25,"column":0},"end":{"line":25,"column":58}},"25":{"start":{"line":26,"column":0},"end":{"line":26,"column":57}},"26":{"start":{"line":27,"column":0},"end":{"line":27,"column":82}},"27":{"start":{"line":28,"column":0},"end":{"line":28,"column":34}},"28":{"start":{"line":29,"column":0},"end":{"line":29,"column":30}},"29":{"start":{"line":30,"column":0},"end":{"line":30,"column":26}},"30":{"start":{"line":31,"column":0},"end":{"line":31,"column":93}},"32":{"start":{"line":33,"column":0},"end":{"line":33,"column":28}},"33":{"start":{"line":34,"column":0},"end":{"line":34,"column":60}},"34":{"start":{"line":35,"column":0},"end":{"line":35,"column":53}},"35":{"start":{"line":36,"column":0},"end":{"line":36,"column":40}},"36":{"start":{"line":37,"column":0},"end":{"line":37,"column":22}},"37":{"start":{"line":38,"column":0},"end":{"line":38,"column":15}},"38":{"start":{"line":39,"column":0},"end":{"line":39,"column":14}},"40":{"start":{"line":41,"column":0},"end":{"line":41,"column":1}},"42":{"start":{"line":43,"column":0},"end":{"line":43,"column":23}}},"s":{"0":1,"1":1,"2":1,"3":1,"5":4,"9":4,"10":4,"11":4,"12":8,"13":8,"14":8,"15":8,"16":8,"17":8,"18":8,"19":8,"20":8,"21":8,"22":8,"23":8,"24":8,"25":8,"26":8,"27":8,"28":8,"29":8,"30":8,"32":8,"33":8,"34":8,"35":8,"36":8,"37":4,"38":4,"40":4,"42":1},"branchMap":{"0":{"type":"branch","line":6,"loc":{"start":{"line":6,"column":0},"end":{"line":41,"column":1}},"locations":[{"start":{"line":6,"column":0},"end":{"line":41,"column":1}}]},"1":{"type":"branch","line":12,"loc":{"start":{"line":12,"column":22},"end":{"line":37,"column":22}},"locations":[{"start":{"line":12,"column":22},"end":{"line":37,"column":22}}]},"2":{"type":"branch","line":22,"loc":{"start":{"line":22,"column":60},"end":{"line":22,"column":102}},"locations":[{"start":{"line":22,"column":60},"end":{"line":22,"column":102}}]},"3":{"type":"branch","line":23,"loc":{"start":{"line":23,"column":60},"end":{"line":23,"column":104}},"locations":[{"start":{"line":23,"column":60},"end":{"line":23,"column":104}}]},"4":{"type":"branch","line":24,"loc":{"start":{"line":24,"column":54},"end":{"line":24,"column":89}},"locations":[{"start":{"line":24,"column":54},"end":{"line":24,"column":89}}]},"5":{"type":"branch","line":34,"loc":{"start":{"line":34,"column":33},"end":{"line":34,"column":60}},"locations":[{"start":{"line":34,"column":33},"end":{"line":34,"column":60}}]}},"b":{"0":[4],"1":[8],"2":[12],"3":[12],"4":[28],"5":[1]},"fnMap":{"0":{"name":"JobList","decl":{"start":{"line":6,"column":0},"end":{"line":41,"column":1}},"loc":{"start":{"line":6,"column":0},"end":{"line":41,"column":1}},"line":6},"1":{"name":"onClick","decl":{"start":{"line":34,"column":33},"end":{"line":34,"column":60}},"loc":{"start":{"line":34,"column":33},"end":{"line":34,"column":60}},"line":34}},"f":{"0":4,"1":1}}
,"C:\\Users\\PCCV\\Desktop\\Job-Hunt\\frontend\\src\\components\\searchBar\\SearchBar.jsx": {"path":"C:\\Users\\PCCV\\Desktop\\Job-Hunt\\frontend\\src\\components\\searchBar\\SearchBar.jsx","all":false,"statementMap":{"0":{"start":{"line":1,"column":0},"end":{"line":1,"column":40}},"1":{"start":{"line":2,"column":0},"end":{"line":2,"column":25}},"3":{"start":{"line":4,"column":0},"end":{"line":4,"column":34}},"4":{"start":{"line":5,"column":0},"end":{"line":5,"column":55}},"6":{"start":{"line":7,"column":0},"end":{"line":7,"column":40}},"7":{"start":{"line":8,"column":0},"end":{"line":8,"column":27}},"9":{"start":{"line":10,"column":0},"end":{"line":10,"column":37}},"10":{"start":{"line":11,"column":0},"end":{"line":11,"column":6}},"12":{"start":{"line":13,"column":0},"end":{"line":13,"column":12}},"13":{"start":{"line":14,"column":0},"end":{"line":14,"column":14}},"14":{"start":{"line":15,"column":0},"end":{"line":15,"column":41}},"15":{"start":{"line":16,"column":0},"end":{"line":16,"column":37}},"16":{"start":{"line":17,"column":0},"end":{"line":17,"column":43}},"18":{"start":{"line":19,"column":0},"end":{"line":19,"column":52}},"19":{"start":{"line":20,"column":0},"end":{"line":20,"column":22}},"20":{"start":{"line":21,"column":0},"end":{"line":21,"column":31}},"21":{"start":{"line":22,"column":0},"end":{"line":22,"column":107}},"22":{"start":{"line":23,"column":0},"end":{"line":23,"column":46}},"23":{"start":{"line":24,"column":0},"end":{"line":24,"column":44}},"24":{"start":{"line":25,"column":0},"end":{"line":25,"column":39}},"25":{"start":{"line":26,"column":0},"end":{"line":26,"column":68}},"26":{"start":{"line":27,"column":0},"end":{"line":27,"column":18}},"27":{"start":{"line":28,"column":0},"end":{"line":28,"column":24}},"28":{"start":{"line":29,"column":0},"end":{"line":29,"column":34}},"29":{"start":{"line":30,"column":0},"end":{"line":30,"column":45}},"31":{"start":{"line":32,"column":0},"end":{"line":32,"column":17}},"33":{"start":{"line":34,"column":0},"end":{"line":34,"column":25}},"34":{"start":{"line":35,"column":0},"end":{"line":35,"column":18}},"35":{"start":{"line":36,"column":0},"end":{"line":36,"column":15}},"37":{"start":{"line":38,"column":0},"end":{"line":38,"column":1}},"39":{"start":{"line":40,"column":0},"end":{"line":40,"column":25}}},"s":{"0":1,"1":1,"3":5,"4":5,"6":5,"7":1,"9":1,"10":1,"12":5,"13":5,"14":5,"15":5,"16":5,"18":5,"19":5,"20":5,"21":5,"22":5,"23":5,"24":5,"25":5,"26":5,"27":5,"28":5,"29":5,"31":5,"33":5,"34":5,"35":5,"37":5,"39":1},"branchMap":{"0":{"type":"branch","line":4,"loc":{"start":{"line":4,"column":0},"end":{"line":38,"column":1}},"locations":[{"start":{"line":4,"column":0},"end":{"line":38,"column":1}}]},"1":{"type":"branch","line":7,"loc":{"start":{"line":7,"column":32},"end":{"line":11,"column":6}},"locations":[{"start":{"line":7,"column":32},"end":{"line":11,"column":6}}]},"2":{"type":"branch","line":26,"loc":{"start":{"line":26,"column":30},"end":{"line":26,"column":68}},"locations":[{"start":{"line":26,"column":30},"end":{"line":26,"column":68}}]}},"b":{"0":[5],"1":[1],"2":[2]},"fnMap":{"0":{"name":"SearchBar","decl":{"start":{"line":4,"column":0},"end":{"line":38,"column":1}},"loc":{"start":{"line":4,"column":0},"end":{"line":38,"column":1}},"line":4},"1":{"name":"handleSearchLocally","decl":{"start":{"line":7,"column":32},"end":{"line":11,"column":6}},"loc":{"start":{"line":7,"column":32},"end":{"line":11,"column":6}},"line":7},"2":{"name":"onChange","decl":{"start":{"line":26,"column":30},"end":{"line":26,"column":68}},"loc":{"start":{"line":26,"column":30},"end":{"line":26,"column":68}},"line":26}},"f":{"0":5,"1":1,"2":2}}
,"C:\\Users\\PCCV\\Desktop\\Job-Hunt\\frontend\\src\\components\\sorting\\Sorting.jsx": {"path":"C:\\Users\\PCCV\\Desktop\\Job-Hunt\\frontend\\src\\components\\sorting\\Sorting.jsx","all":false,"statementMap":{"0":{"start":{"line":1,"column":0},"end":{"line":1,"column":26}},"1":{"start":{"line":2,"column":0},"end":{"line":2,"column":23}},"3":{"start":{"line":4,"column":0},"end":{"line":4,"column":61}},"5":{"start":{"line":6,"column":0},"end":{"line":6,"column":44}},"6":{"start":{"line":7,"column":0},"end":{"line":7,"column":12}},"7":{"start":{"line":8,"column":0},"end":{"line":8,"column":39}},"8":{"start":{"line":9,"column":0},"end":{"line":9,"column":51}},"9":{"start":{"line":10,"column":0},"end":{"line":10,"column":92}},"10":{"start":{"line":11,"column":0},"end":{"line":11,"column":46}},"11":{"start":{"line":12,"column":0},"end":{"line":12,"column":68}},"12":{"start":{"line":13,"column":0},"end":{"line":13,"column":38}},"13":{"start":{"line":14,"column":0},"end":{"line":14,"column":29}},"14":{"start":{"line":15,"column":0},"end":{"line":15,"column":19}},"15":{"start":{"line":16,"column":0},"end":{"line":16,"column":21}},"16":{"start":{"line":17,"column":0},"end":{"line":17,"column":14}},"18":{"start":{"line":19,"column":0},"end":{"line":19,"column":1}},"20":{"start":{"line":21,"column":0},"end":{"line":21,"column":23}}},"s":{"0":1,"1":1,"3":1,"5":3,"6":3,"7":3,"8":3,"9":3,"10":3,"11":12,"12":12,"13":12,"14":3,"15":3,"16":3,"18":3,"20":1},"branchMap":{"0":{"type":"branch","line":6,"loc":{"start":{"line":6,"column":0},"end":{"line":19,"column":1}},"locations":[{"start":{"line":6,"column":0},"end":{"line":19,"column":1}}]},"1":{"type":"branch","line":10,"loc":{"start":{"line":10,"column":55},"end":{"line":10,"column":92}},"locations":[{"start":{"line":10,"column":55},"end":{"line":10,"column":92}}]},"2":{"type":"branch","line":11,"loc":{"start":{"line":11,"column":33},"end":{"line":14,"column":29}},"locations":[{"start":{"line":11,"column":33},"end":{"line":14,"column":29}}]}},"b":{"0":[3],"1":[4],"2":[12]},"fnMap":{"0":{"name":"Sorting","decl":{"start":{"line":6,"column":0},"end":{"line":19,"column":1}},"loc":{"start":{"line":6,"column":0},"end":{"line":19,"column":1}},"line":6},"1":{"name":"onChange","decl":{"start":{"line":10,"column":55},"end":{"line":10,"column":92}},"loc":{"start":{"line":10,"column":55},"end":{"line":10,"column":92}},"line":10}},"f":{"0":3,"1":4}}
,"C:\\Users\\PCCV\\Desktop\\Job-Hunt\\frontend\\src\\constants\\filterOptions.js": {"path":"C:\\Users\\PCCV\\Desktop\\Job-Hunt\\frontend\\src\\constants\\filterOptions.js","all":false,"statementMap":{"0":{"start":{"line":1,"column":0},"end":{"line":1,"column":32}},"1":{"start":{"line":2,"column":0},"end":{"line":2,"column":38}},"2":{"start":{"line":3,"column":0},"end":{"line":3,"column":38}},"3":{"start":{"line":4,"column":0},"end":{"line":4,"column":38}},"4":{"start":{"line":5,"column":0},"end":{"line":5,"column":2}},"5":{"start":{"line":6,"column":0},"end":{"line":6,"column":0}},"6":{"start":{"line":7,"column":0},"end":{"line":7,"column":0}},"7":{"start":{"line":8,"column":0},"end":{"line":8,"column":32}},"8":{"start":{"line":9,"column":0},"end":{"line":9,"column":44}},"9":{"start":{"line":10,"column":0},"end":{"line":10,"column":44}},"10":{"start":{"line":11,"column":0},"end":{"line":11,"column":38}},"11":{"start":{"line":12,"column":0},"end":{"line":12,"column":44}},"12":{"start":{"line":13,"column":0},"end":{"line":13,"column":2}},"13":{"start":{"line":14,"column":0},"end":{"line":14,"column":0}},"14":{"start":{"line":15,"column":0},"end":{"line":15,"column":0}},"15":{"start":{"line":16,"column":0},"end":{"line":16,"column":26}},"16":{"start":{"line":17,"column":0},"end":{"line":17,"column":48}},"17":{"start":{"line":18,"column":0},"end":{"line":18,"column":44}},"18":{"start":{"line":19,"column":0},"end":{"line":19,"column":44}},"19":{"start":{"line":20,"column":0},"end":{"line":20,"column":44}},"20":{"start":{"line":21,"column":0},"end":{"line":21,"column":44}},"21":{"start":{"line":22,"column":0},"end":{"line":22,"column":2}},"22":{"start":{"line":23,"column":0},"end":{"line":23,"column":0}},"23":{"start":{"line":24,"column":0},"end":{"line":24,"column":0}},"24":{"start":{"line":25,"column":0},"end":{"line":25,"column":30}},"25":{"start":{"line":26,"column":0},"end":{"line":26,"column":32}},"26":{"start":{"line":27,"column":0},"end":{"line":27,"column":34}},"27":{"start":{"line":28,"column":0},"end":{"line":28,"column":34}},"28":{"start":{"line":29,"column":0},"end":{"line":29,"column":34}},"29":{"start":{"line":30,"column":0},"end":{"line":30,"column":2}}},"s":{"0":1,"1":1,"2":1,"3":1,"4":1,"5":1,"6":1,"7":1,"8":1,"9":1,"10":1,"11":1,"12":1,"13":1,"14":1,"15":1,"16":1,"17":1,"18":1,"19":1,"20":1,"21":1,"22":1,"23":1,"24":1,"25":1,"26":1,"27":1,"28":1,"29":1},"branchMap":{},"b":{},"fnMap":{},"f":{}}
,"C:\\Users\\PCCV\\Desktop\\Job-Hunt\\frontend\\src\\constants\\sortOptions.js": {"path":"C:\\Users\\PCCV\\Desktop\\Job-Hunt\\frontend\\src\\constants\\sortOptions.js","all":false,"statementMap":{"0":{"start":{"line":1,"column":0},"end":{"line":1,"column":28}},"1":{"start":{"line":2,"column":0},"end":{"line":2,"column":59}},"2":{"start":{"line":3,"column":0},"end":{"line":3,"column":58}},"3":{"start":{"line":4,"column":0},"end":{"line":4,"column":58}},"4":{"start":{"line":5,"column":0},"end":{"line":5,"column":57}},"5":{"start":{"line":6,"column":0},"end":{"line":6,"column":2}}},"s":{"0":1,"1":1,"2":1,"3":1,"4":1,"5":1},"branchMap":{},"b":{},"fnMap":{},"f":{}}
,"C:\\Users\\PCCV\\Desktop\\Job-Hunt\\frontend\\src\\pages\\userHome\\userHome.jsx": {"path":"C:\\Users\\PCCV\\Desktop\\Job-Hunt\\frontend\\src\\pages\\userHome\\userHome.jsx","all":false,"statementMap":{"0":{"start":{"line":1,"column":0},"end":{"line":1,"column":50}},"1":{"start":{"line":2,"column":0},"end":{"line":2,"column":52}},"2":{"start":{"line":3,"column":0},"end":{"line":3,"column":61}},"3":{"start":{"line":4,"column":0},"end":{"line":4,"column":55}},"4":{"start":{"line":5,"column":0},"end":{"line":5,"column":55}},"5":{"start":{"line":6,"column":0},"end":{"line":6,"column":23}},"7":{"start":{"line":8,"column":0},"end":{"line":8,"column":55}},"8":{"start":{"line":9,"column":0},"end":{"line":9,"column":59}},"9":{"start":{"line":10,"column":0},"end":{"line":10,"column":66}},"10":{"start":{"line":11,"column":0},"end":{"line":11,"column":107}},"13":{"start":{"line":14,"column":0},"end":{"line":14,"column":21}},"15":{"start":{"line":16,"column":0},"end":{"line":16,"column":41}},"16":{"start":{"line":17,"column":0},"end":{"line":17,"column":57}},"18":{"start":{"line":19,"column":0},"end":{"line":19,"column":40}},"19":{"start":{"line":20,"column":0},"end":{"line":20,"column":94}},"21":{"start":{"line":22,"column":0},"end":{"line":22,"column":50}},"22":{"start":{"line":23,"column":0},"end":{"line":23,"column":21}},"24":{"start":{"line":25,"column":0},"end":{"line":25,"column":44}},"25":{"start":{"line":26,"column":0},"end":{"line":26,"column":25}},"27":{"start":{"line":28,"column":0},"end":{"line":28,"column":27}},"28":{"start":{"line":29,"column":0},"end":{"line":29,"column":21}},"29":{"start":{"line":30,"column":0},"end":{"line":30,"column":20}},"30":{"start":{"line":31,"column":0},"end":{"line":31,"column":24}},"31":{"start":{"line":32,"column":0},"end":{"line":32,"column":27}},"32":{"start":{"line":33,"column":0},"end":{"line":33,"column":7}},"35":{"start":{"line":36,"column":0},"end":{"line":36,"column":21}},"36":{"start":{"line":37,"column":0},"end":{"line":37,"column":38}},"37":{"start":{"line":38,"column":0},"end":{"line":38,"column":29}},"38":{"start":{"line":39,"column":0},"end":{"line":39,"column":17}},"39":{"start":{"line":40,"column":0},"end":{"line":40,"column":83}},"40":{"start":{"line":41,"column":0},"end":{"line":41,"column":30}},"41":{"start":{"line":42,"column":0},"end":{"line":42,"column":45}},"42":{"start":{"line":43,"column":0},"end":{"line":43,"column":27}},"43":{"start":{"line":44,"column":0},"end":{"line":44,"column":35}},"44":{"start":{"line":45,"column":0},"end":{"line":45,"column":23}},"45":{"start":{"line":46,"column":0},"end":{"line":46,"column":34}},"46":{"start":{"line":47,"column":0},"end":{"line":47,"column":13}},"47":{"start":{"line":48,"column":0},"end":{"line":48,"column":10}},"49":{"start":{"line":50,"column":0},"end":{"line":50,"column":19}},"50":{"start":{"line":51,"column":0},"end":{"line":51,"column":24}},"53":{"start":{"line":54,"column":0},"end":{"line":54,"column":41}},"54":{"start":{"line":55,"column":0},"end":{"line":55,"column":38}},"55":{"start":{"line":56,"column":0},"end":{"line":56,"column":27}},"56":{"start":{"line":57,"column":0},"end":{"line":57,"column":26}},"57":{"start":{"line":58,"column":0},"end":{"line":58,"column":12}},"59":{"start":{"line":60,"column":0},"end":{"line":60,"column":19}},"60":{"start":{"line":61,"column":0},"end":{"line":61,"column":6}},"64":{"start":{"line":65,"column":0},"end":{"line":65,"column":38}},"65":{"start":{"line":66,"column":0},"end":{"line":66,"column":28}},"66":{"start":{"line":67,"column":0},"end":{"line":67,"column":6}},"68":{"start":{"line":69,"column":0},"end":{"line":69,"column":42}},"69":{"start":{"line":70,"column":0},"end":{"line":70,"column":29}},"70":{"start":{"line":71,"column":0},"end":{"line":71,"column":6}},"73":{"start":{"line":74,"column":0},"end":{"line":74,"column":55}},"74":{"start":{"line":75,"column":0},"end":{"line":75,"column":38}},"75":{"start":{"line":76,"column":0},"end":{"line":76,"column":27}},"76":{"start":{"line":77,"column":0},"end":{"line":77,"column":32}},"77":{"start":{"line":78,"column":0},"end":{"line":78,"column":12}},"79":{"start":{"line":80,"column":0},"end":{"line":80,"column":19}},"80":{"start":{"line":81,"column":0},"end":{"line":81,"column":6}},"83":{"start":{"line":84,"column":0},"end":{"line":84,"column":43}},"84":{"start":{"line":85,"column":0},"end":{"line":85,"column":38}},"85":{"start":{"line":86,"column":0},"end":{"line":86,"column":27}},"86":{"start":{"line":87,"column":0},"end":{"line":87,"column":24}},"87":{"start":{"line":88,"column":0},"end":{"line":88,"column":12}},"89":{"start":{"line":90,"column":0},"end":{"line":90,"column":19}},"90":{"start":{"line":91,"column":0},"end":{"line":91,"column":6}},"93":{"start":{"line":94,"column":0},"end":{"line":94,"column":41}},"94":{"start":{"line":95,"column":0},"end":{"line":95,"column":67}},"97":{"start":{"line":98,"column":0},"end":{"line":98,"column":12}},"98":{"start":{"line":99,"column":0},"end":{"line":99,"column":30}},"99":{"start":{"line":100,"column":0},"end":{"line":100,"column":22}},"100":{"start":{"line":101,"column":0},"end":{"line":101,"column":43}},"101":{"start":{"line":102,"column":0},"end":{"line":102,"column":46}},"102":{"start":{"line":103,"column":0},"end":{"line":103,"column":62}},"103":{"start":{"line":104,"column":0},"end":{"line":104,"column":122}},"104":{"start":{"line":105,"column":0},"end":{"line":105,"column":30}},"105":{"start":{"line":106,"column":0},"end":{"line":106,"column":47}},"106":{"start":{"line":107,"column":0},"end":{"line":107,"column":22}},"107":{"start":{"line":108,"column":0},"end":{"line":108,"column":22}},"108":{"start":{"line":109,"column":0},"end":{"line":109,"column":48}},"109":{"start":{"line":110,"column":0},"end":{"line":110,"column":55}},"110":{"start":{"line":111,"column":0},"end":{"line":111,"column":32}},"111":{"start":{"line":112,"column":0},"end":{"line":112,"column":45}},"112":{"start":{"line":113,"column":0},"end":{"line":113,"column":63}},"113":{"start":{"line":114,"column":0},"end":{"line":114,"column":26}},"114":{"start":{"line":115,"column":0},"end":{"line":115,"column":28}},"115":{"start":{"line":116,"column":0},"end":{"line":116,"column":49}},"117":{"start":{"line":118,"column":0},"end":{"line":118,"column":53}},"118":{"start":{"line":119,"column":0},"end":{"line":119,"column":55}},"119":{"start":{"line":120,"column":0},"end":{"line":120,"column":68}},"120":{"start":{"line":121,"column":0},"end":{"line":121,"column":92}},"122":{"start":{"line":123,"column":0},"end":{"line":123,"column":34}},"124":{"start":{"line":125,"column":0},"end":{"line":125,"column":36}},"125":{"start":{"line":126,"column":0},"end":{"line":126,"column":55}},"126":{"start":{"line":127,"column":0},"end":{"line":127,"column":63}},"127":{"start":{"line":128,"column":0},"end":{"line":128,"column":30}},"128":{"start":{"line":129,"column":0},"end":{"line":129,"column":30}},"130":{"start":{"line":131,"column":0},"end":{"line":131,"column":34}},"131":{"start":{"line":132,"column":0},"end":{"line":132,"column":77}},"132":{"start":{"line":133,"column":0},"end":{"line":133,"column":47}},"133":{"start":{"line":134,"column":0},"end":{"line":134,"column":91}},"134":{"start":{"line":135,"column":0},"end":{"line":135,"column":89}},"140":{"start":{"line":141,"column":0},"end":{"line":141,"column":49}},"141":{"start":{"line":142,"column":0},"end":{"line":142,"column":56}},"142":{"start":{"line":143,"column":0},"end":{"line":143,"column":39}},"143":{"start":{"line":144,"column":0},"end":{"line":144,"column":72}},"144":{"start":{"line":145,"column":0},"end":{"line":145,"column":69}},"145":{"start":{"line":146,"column":0},"end":{"line":146,"column":68}},"146":{"start":{"line":147,"column":0},"end":{"line":147,"column":33}},"148":{"start":{"line":149,"column":0},"end":{"line":149,"column":41}},"150":{"start":{"line":151,"column":0},"end":{"line":151,"column":39}},"151":{"start":{"line":152,"column":0},"end":{"line":152,"column":72}},"152":{"start":{"line":153,"column":0},"end":{"line":153,"column":69}},"153":{"start":{"line":154,"column":0},"end":{"line":154,"column":84}},"154":{"start":{"line":155,"column":0},"end":{"line":155,"column":61}},"155":{"start":{"line":156,"column":0},"end":{"line":156,"column":51}},"156":{"start":{"line":157,"column":0},"end":{"line":157,"column":34}},"159":{"start":{"line":160,"column":0},"end":{"line":160,"column":26}},"160":{"start":{"line":161,"column":0},"end":{"line":161,"column":22}},"161":{"start":{"line":162,"column":0},"end":{"line":162,"column":19}},"163":{"start":{"line":164,"column":0},"end":{"line":164,"column":29}},"164":{"start":{"line":165,"column":0},"end":{"line":165,"column":54}},"165":{"start":{"line":166,"column":0},"end":{"line":166,"column":60}},"166":{"start":{"line":167,"column":0},"end":{"line":167,"column":90}},"168":{"start":{"line":169,"column":0},"end":{"line":169,"column":33}},"169":{"start":{"line":170,"column":0},"end":{"line":170,"column":57}},"170":{"start":{"line":171,"column":0},"end":{"line":171,"column":64}},"171":{"start":{"line":172,"column":0},"end":{"line":172,"column":54}},"172":{"start":{"line":173,"column":0},"end":{"line":173,"column":67}},"173":{"start":{"line":174,"column":0},"end":{"line":174,"column":59}},"174":{"start":{"line":175,"column":0},"end":{"line":175,"column":55}},"175":{"start":{"line":176,"column":0},"end":{"line":176,"column":102}},"176":{"start":{"line":177,"column":0},"end":{"line":177,"column":38}},"177":{"start":{"line":178,"column":0},"end":{"line":178,"column":61}},"178":{"start":{"line":179,"column":0},"end":{"line":179,"column":129}},"179":{"start":{"line":180,"column":0},"end":{"line":180,"column":131}},"180":{"start":{"line":181,"column":0},"end":{"line":181,"column":116}},"181":{"start":{"line":182,"column":0},"end":{"line":182,"column":70}},"182":{"start":{"line":183,"column":0},"end":{"line":183,"column":69}},"183":{"start":{"line":184,"column":0},"end":{"line":184,"column":94}},"184":{"start":{"line":185,"column":0},"end":{"line":185,"column":38}},"185":{"start":{"line":186,"column":0},"end":{"line":186,"column":34}},"187":{"start":{"line":188,"column":0},"end":{"line":188,"column":30}},"190":{"start":{"line":191,"column":0},"end":{"line":191,"column":75}},"192":{"start":{"line":193,"column":0},"end":{"line":193,"column":84}},"194":{"start":{"line":195,"column":0},"end":{"line":195,"column":26}},"195":{"start":{"line":196,"column":0},"end":{"line":196,"column":22}},"197":{"start":{"line":198,"column":0},"end":{"line":198,"column":14}},"199":{"start":{"line":200,"column":0},"end":{"line":200,"column":1}},"201":{"start":{"line":202,"column":0},"end":{"line":202,"column":24}}},"s":{"0":1,"1":1,"2":1,"3":1,"4":1,"5":1,"7":1,"8":1,"9":1,"10":1,"13":27,"15":27,"16":27,"18":27,"19":27,"21":27,"22":27,"24":27,"25":27,"27":27,"28":27,"29":27,"30":27,"31":27,"32":27,"35":27,"36":10,"37":10,"38":10,"39":10,"40":10,"41":10,"42":10,"43":7,"44":10,"45":10,"46":10,"47":10,"49":10,"50":27,"53":27,"54":1,"55":1,"56":1,"57":1,"59":1,"60":1,"64":27,"65":0,"66":0,"68":27,"69":0,"70":0,"73":27,"74":1,"75":1,"76":1,"77":1,"79":1,"80":1,"83":27,"84":1,"85":1,"86":1,"87":1,"89":1,"90":1,"93":27,"94":27,"97":27,"98":27,"99":27,"100":27,"101":27,"102":27,"103":27,"104":27,"105":27,"106":27,"107":27,"108":27,"109":27,"110":27,"111":27,"112":27,"113":27,"114":27,"115":27,"117":27,"118":27,"119":27,"120":4,"122":27,"124":27,"125":27,"126":27,"127":27,"128":27,"130":27,"131":13,"132":13,"133":9,"134":4,"140":27,"141":5,"142":5,"143":5,"144":5,"145":5,"146":5,"148":5,"150":5,"151":5,"152":5,"153":5,"154":5,"155":5,"156":5,"159":27,"160":27,"161":27,"163":27,"164":0,"165":0,"166":0,"168":0,"169":0,"170":0,"171":0,"172":0,"173":0,"174":0,"175":0,"176":0,"177":0,"178":0,"179":0,"180":0,"181":0,"182":0,"183":0,"184":0,"185":0,"187":0,"190":0,"192":0,"194":0,"195":0,"197":27,"199":27,"201":1},"branchMap":{"0":{"type":"branch","line":14,"loc":{"start":{"line":14,"column":0},"end":{"line":200,"column":1}},"locations":[{"start":{"line":14,"column":0},"end":{"line":200,"column":1}}]},"1":{"type":"branch","line":120,"loc":{"start":{"line":120,"column":50},"end":{"line":120,"column":68}},"locations":[{"start":{"line":120,"column":50},"end":{"line":120,"column":68}}]},"2":{"type":"branch","line":120,"loc":{"start":{"line":120,"column":56},"end":{"line":121,"column":92}},"locations":[{"start":{"line":120,"column":56},"end":{"line":121,"column":92}}]},"3":{"type":"branch","line":131,"loc":{"start":{"line":131,"column":25},"end":{"line":132,"column":77}},"locations":[{"start":{"line":131,"column":25},"end":{"line":132,"column":77}}]},"4":{"type":"branch","line":132,"loc":{"start":{"line":132,"column":71},"end":{"line":135,"column":89}},"locations":[{"start":{"line":132,"column":71},"end":{"line":135,"column":89}}]},"5":{"type":"branch","line":133,"loc":{"start":{"line":133,"column":44},"end":{"line":134,"column":91}},"locations":[{"start":{"line":133,"column":44},"end":{"line":134,"column":91}}]},"6":{"type":"branch","line":134,"loc":{"start":{"line":134,"column":85},"end":{"line":135,"column":89}},"locations":[{"start":{"line":134,"column":85},"end":{"line":135,"column":89}}]},"7":{"type":"branch","line":141,"loc":{"start":{"line":141,"column":45},"end":{"line":157,"column":34}},"locations":[{"start":{"line":141,"column":45},"end":{"line":157,"column":34}}]},"8":{"type":"branch","line":146,"loc":{"start":{"line":146,"column":55},"end":{"line":146,"column":68}},"locations":[{"start":{"line":146,"column":55},"end":{"line":146,"column":68}}]},"9":{"type":"branch","line":154,"loc":{"start":{"line":154,"column":58},"end":{"line":154,"column":84}},"locations":[{"start":{"line":154,"column":58},"end":{"line":154,"column":84}}]},"10":{"type":"branch","line":164,"loc":{"start":{"line":164,"column":13},"end":{"line":196,"column":22}},"locations":[{"start":{"line":164,"column":13},"end":{"line":196,"column":22}}]},"11":{"type":"branch","line":36,"loc":{"start":{"line":36,"column":14},"end":{"line":51,"column":7}},"locations":[{"start":{"line":36,"column":14},"end":{"line":51,"column":7}}]},"12":{"type":"branch","line":37,"loc":{"start":{"line":37,"column":25},"end":{"line":48,"column":10}},"locations":[{"start":{"line":37,"column":25},"end":{"line":48,"column":10}}]},"13":{"type":"branch","line":43,"loc":{"start":{"line":43,"column":12},"end":{"line":45,"column":14}},"locations":[{"start":{"line":43,"column":12},"end":{"line":45,"column":14}}]},"14":{"type":"branch","line":54,"loc":{"start":{"line":54,"column":29},"end":{"line":61,"column":6}},"locations":[{"start":{"line":54,"column":29},"end":{"line":61,"column":6}}]},"15":{"type":"branch","line":55,"loc":{"start":{"line":55,"column":19},"end":{"line":58,"column":10}},"locations":[{"start":{"line":55,"column":19},"end":{"line":58,"column":10}}]},"16":{"type":"branch","line":74,"loc":{"start":{"line":74,"column":31},"end":{"line":81,"column":6}},"locations":[{"start":{"line":74,"column":31},"end":{"line":81,"column":6}}]},"17":{"type":"branch","line":75,"loc":{"start":{"line":75,"column":19},"end":{"line":78,"column":10}},"locations":[{"start":{"line":75,"column":19},"end":{"line":78,"column":10}}]},"18":{"type":"branch","line":84,"loc":{"start":{"line":84,"column":25},"end":{"line":91,"column":6}},"locations":[{"start":{"line":84,"column":25},"end":{"line":91,"column":6}}]},"19":{"type":"branch","line":85,"loc":{"start":{"line":85,"column":19},"end":{"line":88,"column":10}},"locations":[{"start":{"line":85,"column":19},"end":{"line":88,"column":10}}]},"20":{"type":"branch","line":153,"loc":{"start":{"line":153,"column":45},"end":{"line":153,"column":69}},"locations":[{"start":{"line":153,"column":45},"end":{"line":153,"column":69}}]}},"b":{"0":[27],"1":[5],"2":[4],"3":[13],"4":[13],"5":[9],"6":[4],"7":[5],"8":[3],"9":[1],"10":[0],"11":[10],"12":[10],"13":[7],"14":[1],"15":[1],"16":[1],"17":[1],"18":[1],"19":[1],"20":[1]},"fnMap":{"0":{"name":"UserHome","decl":{"start":{"line":14,"column":0},"end":{"line":200,"column":1}},"loc":{"start":{"line":14,"column":0},"end":{"line":200,"column":1}},"line":14},"1":{"name":"loadJobs","decl":{"start":{"line":37,"column":25},"end":{"line":48,"column":10}},"loc":{"start":{"line":37,"column":25},"end":{"line":48,"column":10}},"line":37},"2":{"name":"handleSortChange","decl":{"start":{"line":54,"column":29},"end":{"line":61,"column":6}},"loc":{"start":{"line":54,"column":29},"end":{"line":61,"column":6}},"line":54},"3":{"name":"handleExpandJob","decl":{"start":{"line":65,"column":28},"end":{"line":67,"column":6}},"loc":{"start":{"line":65,"column":28},"end":{"line":67,"column":6}},"line":65},"4":{"name":"handleCloseExpandedJob","decl":{"start":{"line":69,"column":35},"end":{"line":71,"column":6}},"loc":{"start":{"line":69,"column":35},"end":{"line":71,"column":6}},"line":69},"5":{"name":"handleFilterChange","decl":{"start":{"line":74,"column":31},"end":{"line":81,"column":6}},"loc":{"start":{"line":74,"column":31},"end":{"line":81,"column":6}},"line":74},"6":{"name":"handleSearch","decl":{"start":{"line":84,"column":25},"end":{"line":91,"column":6}},"loc":{"start":{"line":84,"column":25},"end":{"line":91,"column":6}},"line":84},"7":{"name":"onClick","decl":{"start":{"line":145,"column":45},"end":{"line":145,"column":69}},"loc":{"start":{"line":145,"column":45},"end":{"line":145,"column":69}},"line":145},"8":{"name":"onClick","decl":{"start":{"line":153,"column":45},"end":{"line":153,"column":69}},"loc":{"start":{"line":153,"column":45},"end":{"line":153,"column":69}},"line":153}},"f":{"0":27,"1":10,"2":1,"3":0,"4":0,"5":1,"6":1,"7":0,"8":1}}
,"C:\\Users\\PCCV\\Desktop\\Job-Hunt\\frontend\\src\\utils\\userHomeUtils.js": {"path":"C:\\Users\\PCCV\\Desktop\\Job-Hunt\\frontend\\src\\utils\\userHomeUtils.js","all":false,"statementMap":{"0":{"start":{"line":1,"column":0},"end":{"line":1,"column":66}},"1":{"start":{"line":2,"column":0},"end":{"line":2,"column":37}},"2":{"start":{"line":3,"column":0},"end":{"line":3,"column":49}},"3":{"start":{"line":4,"column":0},"end":{"line":4,"column":22}},"4":{"start":{"line":5,"column":0},"end":{"line":5,"column":2}},"5":{"start":{"line":6,"column":0},"end":{"line":6,"column":52}},"6":{"start":{"line":7,"column":0},"end":{"line":7,"column":27}},"7":{"start":{"line":8,"column":0},"end":{"line":8,"column":42}},"8":{"start":{"line":9,"column":0},"end":{"line":9,"column":74}},"9":{"start":{"line":10,"column":0},"end":{"line":10,"column":31}},"10":{"start":{"line":11,"column":0},"end":{"line":11,"column":55}},"11":{"start":{"line":12,"column":0},"end":{"line":12,"column":67}},"12":{"start":{"line":13,"column":0},"end":{"line":13,"column":39}},"13":{"start":{"line":14,"column":0},"end":{"line":14,"column":55}},"14":{"start":{"line":15,"column":0},"end":{"line":15,"column":61}},"15":{"start":{"line":16,"column":0},"end":{"line":16,"column":40}},"16":{"start":{"line":17,"column":0},"end":{"line":17,"column":55}},"17":{"start":{"line":18,"column":0},"end":{"line":18,"column":58}},"18":{"start":{"line":19,"column":0},"end":{"line":19,"column":41}},"19":{"start":{"line":20,"column":0},"end":{"line":20,"column":57}},"20":{"start":{"line":21,"column":0},"end":{"line":21,"column":61}},"21":{"start":{"line":22,"column":0},"end":{"line":22,"column":42}},"22":{"start":{"line":23,"column":0},"end":{"line":23,"column":59}},"23":{"start":{"line":24,"column":0},"end":{"line":24,"column":64}},"24":{"start":{"line":25,"column":0},"end":{"line":25,"column":12}},"25":{"start":{"line":26,"column":0},"end":{"line":26,"column":59}},"26":{"start":{"line":27,"column":0},"end":{"line":27,"column":61}},"27":{"start":{"line":28,"column":0},"end":{"line":28,"column":5}},"28":{"start":{"line":29,"column":0},"end":{"line":29,"column":2}}},"s":{"0":1,"1":10,"2":10,"3":10,"4":10,"5":1,"6":8,"7":8,"8":8,"9":8,"10":0,"11":0,"12":8,"13":0,"14":0,"15":8,"16":0,"17":0,"18":8,"19":0,"20":0,"21":8,"22":0,"23":0,"24":8,"25":8,"26":8,"27":8,"28":8},"branchMap":{"0":{"type":"branch","line":1,"loc":{"start":{"line":1,"column":35},"end":{"line":5,"column":2}},"locations":[{"start":{"line":1,"column":35},"end":{"line":5,"column":2}}]},"1":{"type":"branch","line":3,"loc":{"start":{"line":3,"column":8},"end":{"line":3,"column":49}},"locations":[{"start":{"line":3,"column":8},"end":{"line":3,"column":49}}]},"2":{"type":"branch","line":6,"loc":{"start":{"line":6,"column":37},"end":{"line":29,"column":2}},"locations":[{"start":{"line":6,"column":37},"end":{"line":29,"column":2}}]},"3":{"type":"branch","line":10,"loc":{"start":{"line":10,"column":30},"end":{"line":13,"column":5}},"locations":[{"start":{"line":10,"column":30},"end":{"line":13,"column":5}}]},"4":{"type":"branch","line":13,"loc":{"start":{"line":13,"column":38},"end":{"line":16,"column":5}},"locations":[{"start":{"line":13,"column":38},"end":{"line":16,"column":5}}]},"5":{"type":"branch","line":16,"loc":{"start":{"line":16,"column":39},"end":{"line":19,"column":5}},"locations":[{"start":{"line":16,"column":39},"end":{"line":19,"column":5}}]},"6":{"type":"branch","line":19,"loc":{"start":{"line":19,"column":40},"end":{"line":22,"column":5}},"locations":[{"start":{"line":19,"column":40},"end":{"line":22,"column":5}}]},"7":{"type":"branch","line":22,"loc":{"start":{"line":22,"column":41},"end":{"line":25,"column":5}},"locations":[{"start":{"line":22,"column":41},"end":{"line":25,"column":5}}]},"8":{"type":"branch","line":27,"loc":{"start":{"line":27,"column":44},"end":{"line":27,"column":49}},"locations":[{"start":{"line":27,"column":44},"end":{"line":27,"column":49}}]}},"b":{"0":[10],"1":[0],"2":[8],"3":[0],"4":[0],"5":[0],"6":[0],"7":[0],"8":[0]},"fnMap":{"0":{"name":"truncateDescription","decl":{"start":{"line":1,"column":35},"end":{"line":5,"column":2}},"loc":{"start":{"line":1,"column":35},"end":{"line":5,"column":2}},"line":1},"1":{"name":"calculateRelativeTime","decl":{"start":{"line":6,"column":37},"end":{"line":29,"column":2}},"loc":{"start":{"line":6,"column":37},"end":{"line":29,"column":2}},"line":6}},"f":{"0":10,"1":8}}
}
